<?xml version="1.0" encoding="UTF-8"?>
<!-- Generated by org.testng.reporters.JUnitReportReporter -->
<testsuite hostname="DESKTOP-MCPSJPS" failures="0" tests="1" name="com.testcases.Logintest" time="5.290" errors="0" timestamp="2023-10-11T12:00:16 IST" skipped="0">
  <testcase classname="com.testcases.Logintest" name="Loginvarification" time="5.290"/>
</testsuite> <!-- com.testcases.Logintest -->
