<?xml version="1.0" encoding="UTF-8"?>
<!-- Generated by org.testng.reporters.JUnitReportReporter -->
<testsuite hostname="DESKTOP-MCPSJPS" failures="0" tests="1" name="com.testcases.Logintest" time="9.305" errors="0" timestamp="2023-10-10T10:38:29 IST" skipped="0">
  <testcase classname="com.testcases.Logintest" name="loginvalidation" time="9.305"/>
</testsuite> <!-- com.testcases.Logintest -->
